<?xml version="1.0" encoding="utf-8"?><testsuites><testsuite name="pytest" errors="0" failures="0" skipped="0" tests="138" time="54.126" timestamp="2024-06-04T17:37:29.114951" hostname="acer"><testcase classname="tests.unit.test_generator_report.TestReportGenerator" name="test_init" time="0.008" /><testcase classname="tests.unit.test_generator_report.TestReportGenerator" name="test_create_html_template" time="0.009" /><testcase classname="tests.unit.test_generator_report.TestReportGenerator" name="test_save_html_pdf_report" time="4.082" /><testcase classname="tests.unit.test_generator_report.TestReportGenerator" name="test_save_pdf_report" time="3.404" /><testcase classname="tests.unit.test_hierarchy_graph" name="test_true_verify_graph_sp_description_composition_data_ground_truth_01" time="0.048" /><testcase classname="tests.unit.test_hierarchy_graph" name="test_count_errors_verify_graph_sp_description_composition_errors_01" time="0.036" /><testcase classname="tests.unit.test_hierarchy_graph" name="test_count_errors_verify_graph_sp_description_composition_errors_04" time="0.033" /><testcase classname="tests.unit.test_hierarchy_graph" name="test_imprimir_grafo_with_no_edges" time="0.002" /><testcase classname="tests.unit.test_hierarchy_graph" name="test_imprimir_grafo_with_one_edge" time="0.002" /><testcase classname="tests.unit.test_hierarchy_graph" name="test_imprimir_grafo_with_multiple_edges" time="0.002" /><testcase classname="tests.unit.test_hierarchy_graph" name="test_imprimir_grafo_with_self_loop" time="0.003" /><testcase classname="tests.unit.test_hierarchy_graph" name="test_verificar_grafos_desconectados_with_disconnected_graphs" time="0.002" /><testcase classname="tests.unit.test_hierarchy_graph" name="test_verificar_grafos_desconectados_with_connected_graph" time="0.002" /><testcase classname="tests.unit.test_hierarchy_graph" name="test_verificar_grafos_desconectados_with_multiple_disconnected_graphs" time="0.003" /><testcase classname="tests.unit.test_hierarchy_graph" name="test_verificar_ciclos_with_cycle" time="0.004" /><testcase classname="tests.unit.test_hierarchy_graph" name="test_verificar_ciclos_without_cycle" time="0.002" /><testcase classname="tests.unit.test_hierarchy_graph" name="test_verificar_ciclos_with_self_loop" time="0.002" /><testcase classname="tests.unit.test_hierarchy_tree" name="test_true_verify_tree_sp_composition_hierarchy_data_ground_truth_01" time="0.030" /><testcase classname="tests.unit.test_hierarchy_tree" name="test_true_verify_tree_sp_composition_hierarchy_data_ground_truth_05" time="0.043" /><testcase classname="tests.unit.test_hierarchy_tree" name="test_count_errors_verify_tree_sp_composition_hierarchy_errors_01" time="0.039" /><testcase classname="tests.unit.test_hierarchy_tree" name="test_criar_arvore_with_no_duplicates" time="0.003" /><testcase classname="tests.unit.test_hierarchy_tree" name="test_criar_arvore_with_duplicates" time="0.008" /><testcase classname="tests.unit.test_hierarchy_tree" name="test_criar_arvore_with_string_values" time="0.003" /><testcase classname="tests.unit.test_hierarchy_tree" name="test_dfs_with_no_cycle" time="0.003" /><testcase classname="tests.unit.test_hierarchy_tree" name="test_dfs_with_cycle" time="0.004" /><testcase classname="tests.unit.test_hierarchy_tree" name="test_dfs_with_multiple_branches_and_no_cycle" time="0.002" /><testcase classname="tests.unit.test_hierarchy_tree" name="test_dfs_with_multiple_branches_and_cycle" time="0.002" /><testcase classname="tests.unit.test_hierarchy_tree" name="test_verificar_ciclos_with_no_cycle" time="0.002" /><testcase classname="tests.unit.test_hierarchy_tree" name="test_verificar_ciclos_with_cycle" time="0.005" /><testcase classname="tests.unit.test_hierarchy_tree" name="test_verificar_ciclos_with_multiple_branches_and_no_cycle" time="0.002" /><testcase classname="tests.unit.test_hierarchy_tree" name="test_verificar_ciclos_with_multiple_branches_and_cycle" time="0.002" /><testcase classname="tests.unit.test_hierarchy_tree" name="test_verificar_erros_niveis_with_no_errors" time="0.007" /><testcase classname="tests.unit.test_hierarchy_tree" name="test_verificar_erros_niveis_with_errors" time="0.007" /><testcase classname="tests.unit.test_hierarchy_tree" name="test_verificar_erros_niveis_with_missing_levels" time="0.005" /><testcase classname="tests.unit.test_hierarchy_tree" name="test_verificar_erros_niveis_with_major_levels" time="0.006" /><testcase classname="tests.unit.test_info" name="test_verstion" time="0.003" /><testcase classname="tests.unit.test_sp_description" name="test_true_verify_sp_description_codes_sequential_data_ground_truth_01" time="0.007" /><testcase classname="tests.unit.test_sp_description" name="test_count_errors_verify_sp_description_codes_sequential_data_errors_01" time="0.008" /><testcase classname="tests.unit.test_sp_description" name="test_count_errors_verify_sp_description_codes_sequential_data_errors_02" time="0.007" /><testcase classname="tests.unit.test_sp_description" name="test_true_errors_verify_sp_description_cr_lf_data_ground_truth_01" time="0.011" /><testcase classname="tests.unit.test_sp_description" name="test_count_errors_verify_sp_description_cr_lf_errors_02" time="0.008" /><testcase classname="tests.unit.test_sp_description" name="test_false_verify_sp_scenario_cr_lf_errors_02" time="0.005" /><testcase classname="tests.unit.test_sp_description" name="test_false_verify_sp_temporal_reference_cr_lf_errors_02" time="0.004" /><testcase classname="tests.unit.test_sp_description" name="test_true_verify_sp_description_titles_length_in_data_ground_truth_01" time="0.007" /><testcase classname="tests.unit.test_sp_description" name="test_count_verify_sp_description_titles_length_in_data_errors_01" time="0.008" /><testcase classname="tests.unit.test_sp_description" name="test_true_verify_sp_simple_description_max_length_in_data_ground_truth_01" time="0.008" /><testcase classname="tests.unit.test_sp_description" name="test_count_verify_sp_simple_description_max_length_in_data_errors_01" time="0.008" /><testcase classname="tests.unit.test_sp_description" name="test_verify_sp_simple_description_max_length" time="0.009" /><testcase classname="tests.unit.test_sp_description" name="test_true_verify_sp_description_parser_html_column_names_data_ground_truth_01" time="0.007" /><testcase classname="tests.unit.test_sp_description" name="test_count_errors_verify_sp_description_parser_html_column_names_data_errors_01" time="0.007" /><testcase classname="tests.unit.test_sp_description" name="test_verify_sp_description_parser_html_column_names_missing_column_default" time="0.005" /><testcase classname="tests.unit.test_sp_description" name="test_true_verify_sp_description_titles_uniques_data_data_ground_truth_01" time="0.010" /><testcase classname="tests.unit.test_sp_description" name="test_true_verify_sp_description_titles_uniques_data_errors_01" time="0.012" /><testcase classname="tests.unit.test_sp_description" name="test_true_verify_sp_description_text_capitalize_data_ground_truth_01" time="0.006" /><testcase classname="tests.unit.test_sp_description" name="test_count_errors_verify_sp_description_text_capitalize_data_errors_01" time="0.008" /><testcase classname="tests.unit.test_sp_description" name="test_count_errors_verify_sp_description_text_capitalize_data_errors_04" time="0.010" /><testcase classname="tests.unit.test_sp_description" name="test_true_verify_sp_description_levels_data_errors_01" time="0.007" /><testcase classname="tests.unit.test_sp_description" name="test_count_errors_verify_sp_description_levels_data_errors_01" time="0.015" /><testcase classname="tests.unit.test_sp_description" name="test_count_errors_verify_sp_description_levels_data_errors_04" time="0.011" /><testcase classname="tests.unit.test_sp_description" name="test_true_verify_sp_description_punctuation_data_ground_truth_01" time="0.009" /><testcase classname="tests.unit.test_sp_description" name="test_count_errors_verify_sp_description_punctuation_data_errors_01" time="0.009" /><testcase classname="tests.unit.test_sp_description" name="test_true_verify_sp_description_codes_uniques_data_ground_truth_01" time="0.014" /><testcase classname="tests.unit.test_sp_description" name="test_false_verify_sp_description_codes_uniques_data_errors_01" time="0.017" /><testcase classname="tests.unit.test_sp_scenario" name="test_true_verify_sp_scenario_punctuation_data_ground_truth_01" time="0.004" /><testcase classname="tests.unit.test_sp_scenario" name="test_count_errors_verify_sp_scenario_punctuation_data_errors_01" time="0.003" /><testcase classname="tests.unit.test_sp_scenario" name="test_verify_sp_scenario_unique_values_true_data_ground_truth_01" time="0.004" /><testcase classname="tests.unit.test_sp_scenario" name="test_count_errors_verify_sp_scenario_unique_values_data_errors_01" time="0.003" /><testcase classname="tests.unit.test_sp_temporal_reference" name="test_true_verify_sp_temporal_reference_punctuation_data_ground_truth_01" time="0.004" /><testcase classname="tests.unit.test_sp_temporal_reference" name="test_count_errors_verify_sp_temporal_reference_punctuation_data_errors_01" time="0.006" /><testcase classname="tests.unit.test_sp_temporal_reference" name="test_verify_sp_temporal_reference_unique_values_true_data_ground_truth_01" time="0.003" /><testcase classname="tests.unit.test_sp_temporal_reference" name="test_count_errors_verify_sp_temporal_reference_unique_values_data_errors_01" time="0.003" /><testcase classname="tests.unit.test_sp_values" name="test_true_verify_ids_sp_description_values_data_ground_truth_01" time="0.015" /><testcase classname="tests.unit.test_sp_values" name="test_true_verify_ids_sp_description_values_data_ground_truth_02_no_scenario" time="0.013" /><testcase classname="tests.unit.test_sp_values" name="test_count_errors_verify_ids_sp_description_values_data_errors_01" time="0.015" /><testcase classname="tests.unit.test_sp_values" name="test_count_errors_verify_ids_sp_description_values_data_errors_04" time="0.013" /><testcase classname="tests.unit.test_sp_values" name="test_true_verify_combination_sp_description_values_scenario_temporal_reference_data_ground_truth_01" time="0.028" /><testcase classname="tests.unit.test_sp_values" name="test_true_verify_combination_sp_description_values_scenario_temporal_reference_data_ground_truth_02_no_scenario" time="0.018" /><testcase classname="tests.unit.test_sp_values" name="test_errors_verify_combination_sp_description_values_scenario_temporal_reference_data_errors_01" time="0.025" /><testcase classname="tests.unit.test_sp_values" name="test_errors_verify_combination_sp_description_values_scenario_temporal_reference_data_errors_05" time="0.018" /><testcase classname="tests.unit.test_spellchecker" name="test_true_verify_spelling_text_pt_BR_data_ground_truth_01" time="2.471" /><testcase classname="tests.unit.test_spellchecker" name="test_count_errors_verify_spelling_text_pt_BR_data_errors_01" time="1.882" /><testcase classname="tests.unit.test_spellchecker" name="test_count_errors_verify_spelling_text_pt_BR_data_errors_02" time="1.565" /><testcase classname="tests.unit.test_spellchecker" name="test_count_errors_verify_spelling_text_pt_BR_data_errors_03" time="1.991" /><testcase classname="tests.unit.test_structures_files" name="test_count_errors_verify_expected_structure_files_data_ground_truth_01" time="0.214" /><testcase classname="tests.unit.test_structures_files" name="test_count_errors_verify_expected_structure_files_data_ground_truth_02_no_scenario" time="0.182" /><testcase classname="tests.unit.test_structures_files" name="test_count_errors_verify_expected_structure_files_errors_01" time="0.136" /><testcase classname="tests.unit.test_structures_files" name="test_errors_verify_expected_structure_files_errors_03" time="0.118" /><testcase classname="tests.unit.test_structures_files" name="test_errors_verify_expected_structure_files_errors_04" time="0.147" /><testcase classname="tests.unit.test_structures_files" name="test_errors_verify_expected_structure_files_errors_05" time="0.201" /><testcase classname="tests.unit.test_structures_files" name="test_count_errors_verify_not_exepected_files_in_folder_root_data_errors_02" time="0.002" /><testcase classname="tests.unit.test_structures_files" name="test_count_errors_verify_not_exepected_files_in_folder_root_data_errors_05" time="0.002" /><testcase classname="tests.unit.test_structures_files" name="test_errors_verify_not_exepected_files_in_folder_root_downt_exist_folder_files" time="0.003" /><testcase classname="tests.unit.test_structures_files" name="test_errors_verify_not_exepected_files_in_folder_root_data_errors_03" time="0.003" /><testcase classname="tests.unit.test_structures_files" name="test_count_errors_verify_files_data_clean_data_errors_04" time="0.031" /><testcase classname="tests.unit.test_structures_files" name="test_count_errors_verify_files_data_clean_data_errors_05" time="0.024" /><testcase classname="tests.unit.test_text_processor" name="test_capitalize_nouns_keep_articles_prepositions_1" time="0.003" /><testcase classname="tests.unit.test_text_processor" name="test_capitalize_nouns_keep_articles_prepositions_2" time="0.003" /><testcase classname="tests.unit.test_text_processor" name="test_capitalize_nouns_keep_articles_prepositions_3" time="0.002" /><testcase classname="tests.unit.test_text_processor" name="test_capitalize_text_1" time="0.002" /><testcase classname="tests.unit.test_text_processor" name="test_capitalize_text_2" time="0.001" /><testcase classname="tests.unit.test_text_processor" name="test_capitalize_text_3" time="0.002" /><testcase classname="tests.unit.test_text_processor" name="test_capitalize_text_keep_acronyms_1" time="0.002" /><testcase classname="tests.unit.test_text_processor" name="test_capitalize_text_keep_acronyms_2" time="0.002" /><testcase classname="tests.unit.test_text_processor" name="test_capitalize_text_keep_acronyms_3" time="0.002" /><testcase classname="tests.unit.test_utilities" name="test_generate_list_combinations" time="0.002" /><testcase classname="tests.unit.test_utilities" name="test_get_last_directory_name" time="0.002" /><testcase classname="tests.unit.test_utilities" name="test_check_punctuation_with_no_errors" time="0.004" /><testcase classname="tests.unit.test_utilities" name="test_check_punctuation_with_errors_in_dont_punctuation_columns" time="0.004" /><testcase classname="tests.unit.test_utilities" name="test_check_punctuation_with_errors_in_must_end_with_dot_columns" time="0.005" /><testcase classname="tests.unit.test_utilities" name="test_check_punctuation_with_no_columns" time="0.004" /><testcase classname="tests.unit.test_utilities" name="test_read_excel_file_with_non_existing_file" time="0.002" /><testcase classname="tests.unit.test_utilities" name="test_read_excel_file_with_unsupported_extension" time="0.002" /><testcase classname="tests.unit.test_utilities" name="test_read_excel_file_with_csv_file" time="0.011" /><testcase classname="tests.unit.test_utilities" name="test_read_excel_file_with_excel_file" time="0.053" /><testcase classname="tests.unit.test_utilities" name="test_read_excel_file_with_existing_file" time="0.050" /><testcase classname="tests.unit.test_utilities" name="test_file_extension_check_with_invalid_extension" time="0.002" /><testcase classname="tests.unit.test_utilities" name="test_file_extension_check_with_valid_extension" time="0.002" /><testcase classname="tests.unit.test_utilities" name="test_file_extension_check_with_no_extension" time="0.002" /><testcase classname="tests.unit.test_utilities" name="test_file_extension_check_with_different_extension" time="0.002" /><testcase classname="tests.unit.test_utilities" name="test_check_folder_exists_with_invalid_path" time="0.002" /><testcase classname="tests.unit.test_utilities" name="test_check_folder_exists_with_empty_string" time="0.002" /><testcase classname="tests.unit.test_utilities" name="test_check_folder_exists_with_non_existent_folder" time="0.002" /><testcase classname="tests.unit.test_utilities" name="test_check_folder_exists_with_existing_file" time="0.002" /><testcase classname="tests.unit.test_utilities" name="test_check_folder_exists_with_existing_folder" time="0.002" /><testcase classname="tests.unit.test_utilities" name="test_check_file_exists_with_csv_file" time="0.002" /><testcase classname="tests.unit.test_utilities" name="test_check_file_exists_with_xlsx_file" time="0.026" /><testcase classname="tests.unit.test_utilities" name="test_check_file_exists_with_both_files" time="0.017" /><testcase classname="tests.unit.test_utilities" name="test_check_file_exists_with_no_file" time="0.001" /><testcase classname="tests.unit.test_utilities" name="test_clean_non_numeric_and_less_than_value_integers_dataframe_with_no_errors" time="0.004" /><testcase classname="tests.unit.test_utilities" name="test_clean_non_numeric_and_less_than_value_integers_dataframe_with_non_numeric_values" time="0.005" /><testcase classname="tests.unit.test_utilities" name="test_clean_non_numeric_and_less_than_value_integers_dataframe_with_multiple_errors" time="0.004" /><testcase classname="tests.unit.test_utilities" name="test_clean_non_numeric_and_less_than_value_integers_dataframe_with_multiple_errors_one_line" time="0.003" /><testcase classname="tests.unit.test_utilities" name="test_clean_non_numeric_and_less_than_value_integers_dataframe_with_no_columns" time="0.001" /><testcase classname="tests.unit.test_utilities" name="test_clean_non_numeric_and_less_than_value_integers_dataframe_with_negative_values" time="0.005" /><testcase classname="tests.unit.test_utilities" name="test_check_vertical_bar_with_no_errors" time="0.003" /><testcase classname="tests.unit.test_utilities" name="test_check_vertical_bar_with_errors" time="0.003" /><testcase classname="tests.unit.test_utilities" name="test_check_vertical_bar_with_column_name_error" time="0.003" /><testcase classname="tests.unit.test_utilities" name="test_check_vertical_bar_with_no_columns" time="0.003" /></testsuite></testsuites>